<?xml version="1.0" encoding="UTF-8"?>
<!-- Generated by org.testng.reporters.JUnitReportReporter -->
<testsuite skipped="0" hostname="LAPTOP-QI5V2B07" name="com.crm.qa.testcases.LoginPageTest" tests="3" failures="0" timestamp="18 Feb 2020 12:57:22 GMT" time="53.170" errors="0">
  <testcase name="loginPageTiltleTest" time="19.743" classname="com.crm.qa.testcases.LoginPageTest"/>
  <testcase name="crmLogoTest" time="12.247" classname="com.crm.qa.testcases.LoginPageTest"/>
  <testcase name="LoginTest" time="21.180" classname="com.crm.qa.testcases.LoginPageTest"/>
</testsuite> <!-- com.crm.qa.testcases.LoginPageTest -->
