<?xml version="1.0" encoding="UTF-8"?>
<!-- Generated by org.testng.reporters.JUnitReportReporter -->
<testsuite skipped="0" hostname="LAPTOP-QI5V2B07" name="com.crm.qa.testcases.HomePageTest" tests="3" failures="0" timestamp="18 Feb 2020 12:57:22 GMT" time="62.735" errors="0">
  <testcase name="verifyHomePageTitleTest" time="19.823" classname="com.crm.qa.testcases.HomePageTest"/>
  <testcase name="verifyUserNameTest" time="20.437" classname="com.crm.qa.testcases.HomePageTest"/>
  <testcase name="verifyContactsLinkTest" time="22.475" classname="com.crm.qa.testcases.HomePageTest"/>
</testsuite> <!-- com.crm.qa.testcases.HomePageTest -->
